# JRE version: OpenJDK Runtime Environment (8.0_152-b01) (build 1.8.0_152-release-915-b01)
# Java VM: OpenJDK Server VM (25.152-b01 mixed mode windows-x86 )
Heap:
 def new generation   total 31488K, used 8529K [0x11000000, 0x13220000, 0x26550000)
  eden space 28032K,  19% used [0x11000000, 0x11578548, 0x12b60000)
  from space 3456K,  84% used [0x12ec0000, 0x1319c180, 0x13220000)
  to   space 3456K,   0% used [0x12b60000, 0x12b60000, 0x12ec0000)
 tenured generation   total 69724K, used 67881K [0x26550000, 0x2a967000, 0x51000000)
   the space 69724K,  97% used [0x26550000, 0x2a79a5a8, 0x2a79a600, 0x2a967000)
 Metaspace       used 45147K, capacity 46638K, committed 46720K, reserved 47488K
GC Heap History (10 events):
Event: 352.540 GC heap before
{Heap before GC invocations=92 (full 4):
 def new generation   total 31488K, used 30735K [0x11000000, 0x13220000, 0x26550000)
  eden space 28032K, 100% used [0x11000000, 0x12b60000, 0x12b60000)
  from space 3456K,  78% used [0x12b60000, 0x12e03e40, 0x12ec0000)
  to   space 3456K,   0% used [0x12ec0000, 0x12ec0000, 0x13220000)
 tenured generation   total 69724K, used 58137K [0x26550000, 0x2a967000, 0x51000000)
   the space 69724K,  83% used [0x26550000, 0x29e16408, 0x29e16600, 0x2a967000)
 Metaspace       used 44174K, capacity 45639K, committed 45696K, reserved 46464K
Event: 352.565 GC heap after
Heap after GC invocations=93 (full 4):
 def new generation   total 31488K, used 1259K [0x11000000, 0x13220000, 0x26550000)
  eden space 28032K,   0% used [0x11000000, 0x11000000, 0x12b60000)
  from space 3456K,  36% used [0x12ec0000, 0x12ffacc8, 0x13220000)
  to   space 3456K,   0% used [0x12b60000, 0x12b60000, 0x12ec0000)
 tenured generation   total 69724K, used 60253K [0x26550000, 0x2a967000, 0x51000000)
   the space 69724K,  86% used [0x26550000, 0x2a0277e8, 0x2a027800, 0x2a967000)
 Metaspace       used 44174K, capacity 45639K, committed 45696K, reserved 46464K
}
Event: 353.281 GC heap before
{Heap before GC invocations=93 (full 4):
 def new generation   total 31488K, used 29291K [0x11000000, 0x13220000, 0x26550000)
  eden space 28032K, 100% used [0x11000000, 0x12b60000, 0x12b60000)
  from space 3456K,  36% used [0x12ec0000, 0x12ffacc8, 0x13220000)
  to   space 3456K,   0% used [0x12b60000, 0x12b60000, 0x12ec0000)
 tenured generation   total 69724K, used 60253K [0x26550000, 0x2a967000, 0x51000000)
   the space 69724K,  86% used [0x26550000, 0x2a0277e8, 0x2a027800, 0x2a967000)
 Metaspace       used 44177K, capacity 45639K, committed 45696K, reserved 46464K
Event: 353.294 GC heap after
Heap after GC invocations=94 (full 4):
 def new generation   total 31488K, used 1764K [0x11000000, 0x13220000, 0x26550000)
  eden space 28032K,   0% used [0x11000000, 0x11000000, 0x12b60000)
  from space 3456K,  51% used [0x12b60000, 0x12d19300, 0x12ec0000)
  to   space 3456K,   0% used [0x12ec0000, 0x12ec0000, 0x13220000)
 tenured generation   total 69724K, used 60253K [0x26550000, 0x2a967000, 0x51000000)
   the space 69724K,  86% used [0x26550000, 0x2a0277e8, 0x2a027800, 0x2a967000)
 Metaspace       used 44177K, capacity 45639K, committed 45696K, reserved 46464K
}
Event: 357.087 GC heap before
{Heap before GC invocations=94 (full 4):
 def new generation   total 31488K, used 29796K [0x11000000, 0x13220000, 0x26550000)
  eden space 28032K, 100% used [0x11000000, 0x12b60000, 0x12b60000)
  from space 3456K,  51% used [0x12b60000, 0x12d19300, 0x12ec0000)
  to   space 3456K,   0% used [0x12ec0000, 0x12ec0000, 0x13220000)
 tenured generation   total 69724K, used 60253K [0x26550000, 0x2a967000, 0x51000000)
   the space 69724K,  86% used [0x26550000, 0x2a0277e8, 0x2a027800, 0x2a967000)
 Metaspace       used 44343K, capacity 45807K, committed 45824K, reserved 46464K
Event: 357.114 GC heap after
Heap after GC invocations=95 (full 4):
 def new generation   total 31488K, used 2768K [0x11000000, 0x13220000, 0x26550000)
  eden space 28032K,   0% used [0x11000000, 0x11000000, 0x12b60000)
  from space 3456K,  80% used [0x12ec0000, 0x13174020, 0x13220000)
  to   space 3456K,   0% used [0x12b60000, 0x12b60000, 0x12ec0000)
 tenured generation   total 69724K, used 61310K [0x26550000, 0x2a967000, 0x51000000)
   the space 69724K,  87% used [0x26550000, 0x2a12fbb0, 0x2a12fc00, 0x2a967000)
 Metaspace       used 44343K, capacity 45807K, committed 45824K, reserved 46464K
}
Event: 381.448 GC heap before
{Heap before GC invocations=95 (full 4):
 def new generation   total 31488K, used 30800K [0x11000000, 0x13220000, 0x26550000)
  eden space 28032K, 100% used [0x11000000, 0x12b60000, 0x12b60000)
  from space 3456K,  80% used [0x12ec0000, 0x13174020, 0x13220000)
  to   space 3456K,   0% used [0x12b60000, 0x12b60000, 0x12ec0000)
 tenured generation   total 69724K, used 61310K [0x26550000, 0x2a967000, 0x51000000)
   the space 69724K,  87% used [0x26550000, 0x2a12fbb0, 0x2a12fc00, 0x2a967000)
 Metaspace       used 44426K, capacity 45921K, committed 45952K, reserved 46464K
Event: 381.494 GC heap after
Heap after GC invocations=96 (full 4):
 def new generation   total 31488K, used 3456K [0x11000000, 0x13220000, 0x26550000)
  eden space 28032K,   0% used [0x11000000, 0x11000000, 0x12b60000)
  from space 3456K, 100% used [0x12b60000, 0x12ec0000, 0x12ec0000)
  to   space 3456K,   0% used [0x12ec0000, 0x12ec0000, 0x13220000)
 tenured generation   total 69724K, used 64471K [0x26550000, 0x2a967000, 0x51000000)
   the space 69724K,  92% used [0x26550000, 0x2a445fe0, 0x2a446000, 0x2a967000)
 Metaspace       used 44426K, capacity 45921K, committed 45952K, reserved 46464K
}
Event: 383.327 GC heap before
{Heap before GC invocations=96 (full 4):
 def new generation   total 31488K, used 31488K [0x11000000, 0x13220000, 0x26550000)
  eden space 28032K, 100% used [0x11000000, 0x12b60000, 0x12b60000)
  from space 3456K, 100% used [0x12b60000, 0x12ec0000, 0x12ec0000)
  to   space 3456K,   0% used [0x12ec0000, 0x12ec0000, 0x13220000)
 tenured generation   total 69724K, used 64471K [0x26550000, 0x2a967000, 0x51000000)
   the space 69724K,  92% used [0x26550000, 0x2a445fe0, 0x2a446000, 0x2a967000)
 Metaspace       used 44576K, capacity 46057K, committed 46080K, reserved 46464K
Event: 383.365 GC heap after
Heap after GC invocations=97 (full 4):
 def new generation   total 31488K, used 2928K [0x11000000, 0x13220000, 0x26550000)
  eden space 28032K,   0% used [0x11000000, 0x11000000, 0x12b60000)
  from space 3456K,  84% used [0x12ec0000, 0x1319c180, 0x13220000)
  to   space 3456K,   0% used [0x12b60000, 0x12b60000, 0x12ec0000)
 tenured generation   total 69724K, used 67881K [0x26550000, 0x2a967000, 0x51000000)
   the space 69724K,  97% used [0x26550000, 0x2a79a5a8, 0x2a79a600, 0x2a967000)
 Metaspace       used 44576K, capacity 46057K, committed 46080K, reserved 46464K
}

