# JRE version: OpenJDK Runtime Environment (8.0_152-b01) (build 1.8.0_152-release-915-b01)
# Java VM: OpenJDK Server VM (25.152-b01 mixed mode windows-x86 )
Heap:
 def new generation   total 32000K, used 21828K [0x11000000, 0x132b0000, 0x26550000)
  eden space 28480K,  64% used [0x11000000, 0x121e12c0, 0x12bd0000)
  from space 3520K, 100% used [0x12bd0000, 0x12f40000, 0x12f40000)
  to   space 3520K,   0% used [0x12f40000, 0x12f40000, 0x132b0000)
 tenured generation   total 70888K, used 48904K [0x26550000, 0x2aa8a000, 0x51000000)
   the space 70888K,  68% used [0x26550000, 0x295123b8, 0x29512400, 0x2aa8a000)
 Metaspace       used 42008K, capacity 43227K, committed 43264K, reserved 43392K
GC Heap History (10 events):
Event: 104.355 GC heap before
{Heap before GC invocations=79 (full 3):
 def new generation   total 20736K, used 20736K [0x11000000, 0x12680000, 0x26550000)
  eden space 18432K, 100% used [0x11000000, 0x12200000, 0x12200000)
  from space 2304K, 100% used [0x12440000, 0x12680000, 0x12680000)
  to   space 2304K,   0% used [0x12200000, 0x12200000, 0x12440000)
 tenured generation   total 45968K, used 44774K [0x26550000, 0x29234000, 0x51000000)
   the space 45968K,  97% used [0x26550000, 0x29109ae0, 0x29109c00, 0x29234000)
 Metaspace       used 39437K, capacity 40662K, committed 40704K, reserved 41344K
Event: 104.721 GC heap after
Heap after GC invocations=80 (full 4):
 def new generation   total 32000K, used 0K [0x11000000, 0x132b0000, 0x26550000)
  eden space 28480K,   0% used [0x11000000, 0x11000000, 0x12bd0000)
  from space 3520K,   0% used [0x12bd0000, 0x12bd0000, 0x12f40000)
  to   space 3520K,   0% used [0x12f40000, 0x12f40000, 0x132b0000)
 tenured generation   total 70888K, used 42530K [0x26550000, 0x2aa8a000, 0x51000000)
   the space 70888K,  59% used [0x26550000, 0x28ed8b38, 0x28ed8c00, 0x2aa8a000)
 Metaspace       used 39437K, capacity 40662K, committed 40704K, reserved 41344K
}
Event: 106.459 GC heap before
{Heap before GC invocations=80 (full 4):
 def new generation   total 32000K, used 28480K [0x11000000, 0x132b0000, 0x26550000)
  eden space 28480K, 100% used [0x11000000, 0x12bd0000, 0x12bd0000)
  from space 3520K,   0% used [0x12bd0000, 0x12bd0000, 0x12f40000)
  to   space 3520K,   0% used [0x12f40000, 0x12f40000, 0x132b0000)
 tenured generation   total 70888K, used 42530K [0x26550000, 0x2aa8a000, 0x51000000)
   the space 70888K,  59% used [0x26550000, 0x28ed8b38, 0x28ed8c00, 0x2aa8a000)
 Metaspace       used 39514K, capacity 40726K, committed 40832K, reserved 41344K
Event: 106.466 GC heap after
Heap after GC invocations=81 (full 4):
 def new generation   total 32000K, used 765K [0x11000000, 0x132b0000, 0x26550000)
  eden space 28480K,   0% used [0x11000000, 0x11000000, 0x12bd0000)
  from space 3520K,  21% used [0x12f40000, 0x12fff510, 0x132b0000)
  to   space 3520K,   0% used [0x12bd0000, 0x12bd0000, 0x12f40000)
 tenured generation   total 70888K, used 42530K [0x26550000, 0x2aa8a000, 0x51000000)
   the space 70888K,  59% used [0x26550000, 0x28ed8b38, 0x28ed8c00, 0x2aa8a000)
 Metaspace       used 39514K, capacity 40726K, committed 40832K, reserved 41344K
}
Event: 109.418 GC heap before
{Heap before GC invocations=81 (full 4):
 def new generation   total 32000K, used 29245K [0x11000000, 0x132b0000, 0x26550000)
  eden space 28480K, 100% used [0x11000000, 0x12bd0000, 0x12bd0000)
  from space 3520K,  21% used [0x12f40000, 0x12fff510, 0x132b0000)
  to   space 3520K,   0% used [0x12bd0000, 0x12bd0000, 0x12f40000)
 tenured generation   total 70888K, used 42530K [0x26550000, 0x2aa8a000, 0x51000000)
   the space 70888K,  59% used [0x26550000, 0x28ed8b38, 0x28ed8c00, 0x2aa8a000)
 Metaspace       used 40108K, capacity 41315K, committed 41344K, reserved 41344K
Event: 109.445 GC heap after
Heap after GC invocations=82 (full 4):
 def new generation   total 32000K, used 3520K [0x11000000, 0x132b0000, 0x26550000)
  eden space 28480K,   0% used [0x11000000, 0x11000000, 0x12bd0000)
  from space 3520K, 100% used [0x12bd0000, 0x12f40000, 0x12f40000)
  to   space 3520K,   0% used [0x12f40000, 0x12f40000, 0x132b0000)
 tenured generation   total 70888K, used 42557K [0x26550000, 0x2aa8a000, 0x51000000)
   the space 70888K,  60% used [0x26550000, 0x28edf778, 0x28edf800, 0x2aa8a000)
 Metaspace       used 40108K, capacity 41315K, committed 41344K, reserved 41344K
}
Event: 112.558 GC heap before
{Heap before GC invocations=82 (full 4):
 def new generation   total 32000K, used 32000K [0x11000000, 0x132b0000, 0x26550000)
  eden space 28480K, 100% used [0x11000000, 0x12bd0000, 0x12bd0000)
  from space 3520K, 100% used [0x12bd0000, 0x12f40000, 0x12f40000)
  to   space 3520K,   0% used [0x12f40000, 0x12f40000, 0x132b0000)
 tenured generation   total 70888K, used 42557K [0x26550000, 0x2aa8a000, 0x51000000)
   the space 70888K,  60% used [0x26550000, 0x28edf778, 0x28edf800, 0x2aa8a000)
 Metaspace       used 40759K, capacity 41961K, committed 41984K, reserved 42368K
Event: 112.586 GC heap after
Heap after GC invocations=83 (full 4):
 def new generation   total 32000K, used 2300K [0x11000000, 0x132b0000, 0x26550000)
  eden space 28480K,   0% used [0x11000000, 0x11000000, 0x12bd0000)
  from space 3520K,  65% used [0x12f40000, 0x1317f200, 0x132b0000)
  to   space 3520K,   0% used [0x12bd0000, 0x12bd0000, 0x12f40000)
 tenured generation   total 70888K, used 45432K [0x26550000, 0x2aa8a000, 0x51000000)
   the space 70888K,  64% used [0x26550000, 0x291ae240, 0x291ae400, 0x2aa8a000)
 Metaspace       used 40759K, capacity 41961K, committed 41984K, reserved 42368K
}
Event: 114.622 GC heap before
{Heap before GC invocations=83 (full 4):
 def new generation   total 32000K, used 30780K [0x11000000, 0x132b0000, 0x26550000)
  eden space 28480K, 100% used [0x11000000, 0x12bd0000, 0x12bd0000)
  from space 3520K,  65% used [0x12f40000, 0x1317f200, 0x132b0000)
  to   space 3520K,   0% used [0x12bd0000, 0x12bd0000, 0x12f40000)
 tenured generation   total 70888K, used 45432K [0x26550000, 0x2aa8a000, 0x51000000)
   the space 70888K,  64% used [0x26550000, 0x291ae240, 0x291ae400, 0x2aa8a000)
 Metaspace       used 40984K, capacity 42237K, committed 42240K, reserved 42368K
Event: 114.665 GC heap after
Heap after GC invocations=84 (full 4):
 def new generation   total 32000K, used 3520K [0x11000000, 0x132b0000, 0x26550000)
  eden space 28480K,   0% used [0x11000000, 0x11000000, 0x12bd0000)
  from space 3520K, 100% used [0x12bd0000, 0x12f40000, 0x12f40000)
  to   space 3520K,   0% used [0x12f40000, 0x12f40000, 0x132b0000)
 tenured generation   total 70888K, used 48904K [0x26550000, 0x2aa8a000, 0x51000000)
   the space 70888K,  68% used [0x26550000, 0x295123b8, 0x29512400, 0x2aa8a000)
 Metaspace       used 40984K, capacity 42237K, committed 42240K, reserved 42368K
}

